app/build/intermediates/manifest_merge_blame_file/release/manifest-merger-blame-release-report.txt
1<?xml version="1.0" encoding="utf-8"?>
2<manifest xmlns:android="http://schemas.android.com/apk/res/android"
3    package="com.sangharshbooks.test"
4    android:versionCode="102"
5    android:versionName="1.0" >
6
7    <uses-sdk
8        android:minSdkVersion="24"
8-->src/main/AndroidManifest.xml
9        android:targetSdkVersion="32" />
9-->src/main/AndroidManifest.xml
10
11    <uses-permission android:name="android.permission.INTERNET" />
11-->src/main/AndroidManifest.xml:5:5-67
11-->src/main/AndroidManifest.xml:5:22-64
12
13    <!-- Although the *SdkVersion is captured in gradle build files, this is required for non gradle builds -->
14    <!-- <uses-sdk android:minSdkVersion="14" /> -->
15    <uses-permission android:name="android.permission.ACCESS_NETWORK_STATE" />
15-->[com.google.firebase:firebase-firestore:24.2.1] AndroidManifest.xml:13:5-79
15-->[com.google.firebase:firebase-firestore:24.2.1] AndroidManifest.xml:13:22-76
16    <uses-permission android:name="android.permission.POST_NOTIFICATIONS" />
16-->[com.google.firebase:firebase-messaging:23.0.6] AndroidManifest.xml:26:5-77
16-->[com.google.firebase:firebase-messaging:23.0.6] AndroidManifest.xml:26:22-74
17    <uses-permission android:name="android.permission.WAKE_LOCK" /> <!-- Required by older versions of Google Play services to create IID tokens -->
17-->[com.google.firebase:firebase-messaging:23.0.6] AndroidManifest.xml:27:5-68
17-->[com.google.firebase:firebase-messaging:23.0.6] AndroidManifest.xml:27:22-65
18    <uses-permission android:name="com.google.android.c2dm.permission.RECEIVE" /> <!-- Permission will be merged into the manifest of the hosting app. -->
18-->[com.google.firebase:firebase-messaging:23.0.6] AndroidManifest.xml:29:5-82
18-->[com.google.firebase:firebase-messaging:23.0.6] AndroidManifest.xml:29:22-79
19    <!-- Is required to launch foreground extraction service for targetSdkVersion 28+. -->
20    <uses-permission android:name="android.permission.FOREGROUND_SERVICE" />
20-->[com.google.android.play:core:1.8.0] AndroidManifest.xml:8:3-74
20-->[com.google.android.play:core:1.8.0] AndroidManifest.xml:8:20-72
21    <uses-permission android:name="com.android.vending.BILLING" />
21-->[com.android.billingclient:billing:5.1.0] AndroidManifest.xml:10:5-67
21-->[com.android.billingclient:billing:5.1.0] AndroidManifest.xml:10:22-64
22    <!--
23    This has been added to conform with requirement from Android 11 (API level 30) onwards
24    (http://screen/9iGdBMRWDmVbRJ6), after getting confirmation in http://yaqs/995038231927980032#a1
25    -->
26    <queries>
26-->[com.android.billingclient:billing:5.1.0] AndroidManifest.xml:16:5-20:15
27        <intent>
27-->[com.android.billingclient:billing:5.1.0] AndroidManifest.xml:17:9-19:18
28            <action android:name="com.android.vending.billing.InAppBillingService.BIND" />
28-->[com.android.billingclient:billing:5.1.0] AndroidManifest.xml:18:13-91
28-->[com.android.billingclient:billing:5.1.0] AndroidManifest.xml:18:21-88
29        </intent>
30        <!-- For browser content -->
31        <intent>
31-->[com.google.android.gms:play-services-ads-lite:21.1.0] AndroidManifest.xml:31:9-37:18
32            <action android:name="android.intent.action.VIEW" />
32-->[com.google.firebase:firebase-auth:21.0.2] AndroidManifest.xml:34:17-69
32-->[com.google.firebase:firebase-auth:21.0.2] AndroidManifest.xml:34:25-66
33
34            <category android:name="android.intent.category.BROWSABLE" />
34-->[com.google.firebase:firebase-auth:21.0.2] AndroidManifest.xml:37:17-78
34-->[com.google.firebase:firebase-auth:21.0.2] AndroidManifest.xml:37:27-75
35
36            <data android:scheme="https" />
36-->[com.google.firebase:firebase-auth:21.0.2] AndroidManifest.xml:39:17-42:51
36-->[com.google.firebase:firebase-auth:21.0.2] AndroidManifest.xml:42:21-48
37        </intent> <!-- End of browser content -->
38        <!-- For CustomTabsService -->
39        <intent>
39-->[com.google.android.gms:play-services-ads-lite:21.1.0] AndroidManifest.xml:40:9-42:18
40            <action android:name="android.support.customtabs.action.CustomTabsService" />
40-->[com.google.android.gms:play-services-ads-lite:21.1.0] AndroidManifest.xml:41:13-90
40-->[com.google.android.gms:play-services-ads-lite:21.1.0] AndroidManifest.xml:41:21-87
41        </intent>
42    </queries>
43
44    <uses-permission android:name="com.google.android.gms.permission.AD_ID" />
44-->[com.google.android.gms:play-services-ads-lite:21.1.0] AndroidManifest.xml:25:5-79
44-->[com.google.android.gms:play-services-ads-lite:21.1.0] AndroidManifest.xml:25:22-76
45    <uses-permission android:name="android.permission.RECEIVE_BOOT_COMPLETED" />
45-->[androidx.work:work-runtime:2.7.0] AndroidManifest.xml:27:5-81
45-->[androidx.work:work-runtime:2.7.0] AndroidManifest.xml:27:22-78
46
47    <application
47-->src/main/AndroidManifest.xml:7:5-113:19
48        android:name="com.sangharsh.books.SangharshBooks"
48-->src/main/AndroidManifest.xml:8:9-39
49        android:allowBackup="true"
49-->src/main/AndroidManifest.xml:9:9-35
50        android:appComponentFactory="androidx.core.app.CoreComponentFactory"
50-->[androidx.core:core:1.7.0] AndroidManifest.xml:24:18-86
51        android:dataExtractionRules="@xml/data_extraction_rules"
51-->src/main/AndroidManifest.xml:10:9-65
52        android:extractNativeLibs="false"
53        android:fullBackupContent="@xml/backup_rules"
53-->src/main/AndroidManifest.xml:11:9-54
54        android:icon="@mipmap/ic_launcher"
54-->src/main/AndroidManifest.xml:12:9-43
55        android:label="@string/app_name"
55-->src/main/AndroidManifest.xml:13:9-41
56        android:requestLegacyExternalStorage="true"
56-->src/main/AndroidManifest.xml:14:9-52
57        android:roundIcon="@mipmap/ic_launcher"
57-->src/main/AndroidManifest.xml:15:9-48
58        android:supportsRtl="true"
58-->src/main/AndroidManifest.xml:16:9-35
59        android:theme="@style/Theme.Light" >
59-->src/main/AndroidManifest.xml:17:9-43
60        <activity
60-->src/main/AndroidManifest.xml:19:9-25:20
61            android:name="com.sangharsh.books.BuyCoinsActivity"
61-->src/main/AndroidManifest.xml:20:13-45
62            android:exported="false" >
62-->src/main/AndroidManifest.xml:21:13-37
63            <meta-data
63-->src/main/AndroidManifest.xml:22:13-24:36
64                android:name="android.app.lib_name"
64-->src/main/AndroidManifest.xml:23:17-52
65                android:value="" />
65-->src/main/AndroidManifest.xml:24:17-33
66        </activity>
67        <activity
67-->src/main/AndroidManifest.xml:26:9-32:20
68            android:name="com.sangharsh.books.ReferActivity"
68-->src/main/AndroidManifest.xml:27:13-42
69            android:exported="false" >
69-->src/main/AndroidManifest.xml:28:13-37
70            <meta-data
70-->src/main/AndroidManifest.xml:22:13-24:36
71                android:name="android.app.lib_name"
71-->src/main/AndroidManifest.xml:23:17-52
72                android:value="" />
72-->src/main/AndroidManifest.xml:24:17-33
73        </activity>
74        <activity
74-->src/main/AndroidManifest.xml:33:9-39:20
75            android:name="com.sangharsh.books.RegisterActivity"
75-->src/main/AndroidManifest.xml:34:13-45
76            android:exported="false" >
76-->src/main/AndroidManifest.xml:35:13-37
77            <meta-data
77-->src/main/AndroidManifest.xml:22:13-24:36
78                android:name="android.app.lib_name"
78-->src/main/AndroidManifest.xml:23:17-52
79                android:value="" />
79-->src/main/AndroidManifest.xml:24:17-33
80        </activity>
81        <activity
81-->src/main/AndroidManifest.xml:40:9-46:20
82            android:name="com.sangharsh.books.LoginActivity"
82-->src/main/AndroidManifest.xml:41:13-42
83            android:exported="false" >
83-->src/main/AndroidManifest.xml:42:13-37
84            <meta-data
84-->src/main/AndroidManifest.xml:22:13-24:36
85                android:name="android.app.lib_name"
85-->src/main/AndroidManifest.xml:23:17-52
86                android:value="" />
86-->src/main/AndroidManifest.xml:24:17-33
87        </activity>
88        <activity
88-->src/main/AndroidManifest.xml:47:9-53:20
89            android:name="com.sangharsh.books.ResultActivity"
89-->src/main/AndroidManifest.xml:48:13-43
90            android:exported="false" >
90-->src/main/AndroidManifest.xml:49:13-37
91            <meta-data
91-->src/main/AndroidManifest.xml:22:13-24:36
92                android:name="android.app.lib_name"
92-->src/main/AndroidManifest.xml:23:17-52
93                android:value="" />
93-->src/main/AndroidManifest.xml:24:17-33
94        </activity>
95        <activity
95-->src/main/AndroidManifest.xml:54:9-60:20
96            android:name="com.sangharsh.books.AttemptTestActivity"
96-->src/main/AndroidManifest.xml:55:13-48
97            android:exported="false" >
97-->src/main/AndroidManifest.xml:56:13-37
98            <meta-data
98-->src/main/AndroidManifest.xml:22:13-24:36
99                android:name="android.app.lib_name"
99-->src/main/AndroidManifest.xml:23:17-52
100                android:value="" />
100-->src/main/AndroidManifest.xml:24:17-33
101        </activity>
102        <activity
102-->src/main/AndroidManifest.xml:61:9-67:20
103            android:name="com.sangharsh.books.StartTest"
103-->src/main/AndroidManifest.xml:62:13-38
104            android:exported="false" >
104-->src/main/AndroidManifest.xml:63:13-37
105            <meta-data
105-->src/main/AndroidManifest.xml:22:13-24:36
106                android:name="android.app.lib_name"
106-->src/main/AndroidManifest.xml:23:17-52
107                android:value="" />
107-->src/main/AndroidManifest.xml:24:17-33
108        </activity>
109        <activity
109-->src/main/AndroidManifest.xml:68:9-70:40
110            android:name="com.sangharsh.books.NotificationActivity"
110-->src/main/AndroidManifest.xml:69:13-49
111            android:exported="false" />
111-->src/main/AndroidManifest.xml:70:13-37
112
113        <provider
114            android:name="androidx.core.content.FileProvider"
114-->src/main/AndroidManifest.xml:73:13-62
115            android:authorities="com.sangharshbooks.test.provider"
115-->src/main/AndroidManifest.xml:74:13-60
116            android:exported="false"
116-->src/main/AndroidManifest.xml:75:13-37
117            android:grantUriPermissions="true" >
117-->src/main/AndroidManifest.xml:76:13-47
118            <meta-data
118-->src/main/AndroidManifest.xml:77:13-79:58
119                android:name="android.support.FILE_PROVIDER_PATHS"
119-->src/main/AndroidManifest.xml:78:17-67
120                android:resource="@xml/provider_paths" />
120-->src/main/AndroidManifest.xml:79:17-55
121        </provider>
122
123        <activity
123-->src/main/AndroidManifest.xml:82:9-84:40
124            android:name="com.sangharsh.books.PDFDisplay"
124-->src/main/AndroidManifest.xml:83:13-39
125            android:exported="false" />
125-->src/main/AndroidManifest.xml:84:13-37
126        <activity
126-->src/main/AndroidManifest.xml:85:9-87:40
127            android:name="com.sangharsh.books.FileActivity"
127-->src/main/AndroidManifest.xml:86:13-41
128            android:exported="false" />
128-->src/main/AndroidManifest.xml:87:13-37
129        <activity
129-->src/main/AndroidManifest.xml:88:9-96:20
130            android:name="com.sangharsh.books.MainActivity"
130-->src/main/AndroidManifest.xml:89:13-41
131            android:exported="true" >
131-->src/main/AndroidManifest.xml:90:13-36
132            <intent-filter>
132-->src/main/AndroidManifest.xml:91:13-95:29
133                <action android:name="android.intent.action.MAIN" />
133-->src/main/AndroidManifest.xml:92:17-69
133-->src/main/AndroidManifest.xml:92:25-66
134
135                <category android:name="android.intent.category.LAUNCHER" />
135-->src/main/AndroidManifest.xml:94:17-77
135-->src/main/AndroidManifest.xml:94:27-74
136            </intent-filter>
137        </activity>
138
139        <service
139-->src/main/AndroidManifest.xml:98:9-105:19
140            android:name="com.sangharsh.books.NotificationMessagingService"
140-->src/main/AndroidManifest.xml:99:13-57
141            android:enabled="true"
141-->src/main/AndroidManifest.xml:100:13-35
142            android:exported="true" >
142-->src/main/AndroidManifest.xml:101:13-36
143            <intent-filter>
143-->src/main/AndroidManifest.xml:102:13-104:29
144                <action android:name="com.google.firebase.MESSAGING_EVENT" />
144-->src/main/AndroidManifest.xml:103:17-78
144-->src/main/AndroidManifest.xml:103:25-75
145            </intent-filter>
146        </service>
147
148        <meta-data
148-->src/main/AndroidManifest.xml:107:9-109:70
149            android:name="com.google.android.gms.ads.APPLICATION_ID"
149-->src/main/AndroidManifest.xml:108:13-69
150            android:value="ca-app-pub-3940256099942544~3347511713" />
150-->src/main/AndroidManifest.xml:109:13-67
151        <meta-data
151-->src/main/AndroidManifest.xml:110:9-112:57
152            android:name="preloaded_fonts"
152-->src/main/AndroidManifest.xml:111:13-43
153            android:resource="@array/preloaded_fonts" />
153-->src/main/AndroidManifest.xml:112:13-54
154
155        <service
155-->[com.google.firebase:firebase-firestore:24.2.1] AndroidManifest.xml:17:9-23:19
156            android:name="com.google.firebase.components.ComponentDiscoveryService"
156-->[com.google.firebase:firebase-firestore:24.2.1] AndroidManifest.xml:18:13-84
157            android:directBootAware="true"
157-->[com.google.firebase:firebase-common:20.2.0] AndroidManifest.xml:34:13-43
158            android:exported="false" >
158-->[com.google.firebase:firebase-firestore:24.2.1] AndroidManifest.xml:19:13-37
159            <meta-data
159-->[com.google.firebase:firebase-firestore:24.2.1] AndroidManifest.xml:20:13-22:85
160                android:name="com.google.firebase.components:com.google.firebase.firestore.FirestoreRegistrar"
160-->[com.google.firebase:firebase-firestore:24.2.1] AndroidManifest.xml:21:17-111
161                android:value="com.google.firebase.components.ComponentRegistrar" />
161-->[com.google.firebase:firebase-firestore:24.2.1] AndroidManifest.xml:22:17-82
162            <meta-data
162-->[com.google.firebase:firebase-messaging:23.0.6] AndroidManifest.xml:56:13-58:85
163                android:name="com.google.firebase.components:com.google.firebase.messaging.FirebaseMessagingRegistrar"
163-->[com.google.firebase:firebase-messaging:23.0.6] AndroidManifest.xml:57:17-119
164                android:value="com.google.firebase.components.ComponentRegistrar" />
164-->[com.google.firebase:firebase-messaging:23.0.6] AndroidManifest.xml:58:17-82
165            <meta-data
165-->[com.google.firebase:firebase-storage:20.0.1] AndroidManifest.xml:33:13-35:85
166                android:name="com.google.firebase.components:com.google.firebase.storage.StorageRegistrar"
166-->[com.google.firebase:firebase-storage:20.0.1] AndroidManifest.xml:34:17-107
167                android:value="com.google.firebase.components.ComponentRegistrar" />
167-->[com.google.firebase:firebase-storage:20.0.1] AndroidManifest.xml:35:17-82
168            <meta-data
168-->[com.google.firebase:firebase-auth:21.0.2] AndroidManifest.xml:67:13-69:85
169                android:name="com.google.firebase.components:com.google.firebase.auth.FirebaseAuthRegistrar"
169-->[com.google.firebase:firebase-auth:21.0.2] AndroidManifest.xml:68:17-109
170                android:value="com.google.firebase.components.ComponentRegistrar" />
170-->[com.google.firebase:firebase-auth:21.0.2] AndroidManifest.xml:69:17-82
171            <meta-data
171-->[com.google.firebase:firebase-database:20.1.0] AndroidManifest.xml:31:13-33:85
172                android:name="com.google.firebase.components:com.google.firebase.database.DatabaseRegistrar"
172-->[com.google.firebase:firebase-database:20.1.0] AndroidManifest.xml:32:17-109
173                android:value="com.google.firebase.components.ComponentRegistrar" />
173-->[com.google.firebase:firebase-database:20.1.0] AndroidManifest.xml:33:17-82
174            <meta-data
174-->[com.google.firebase:firebase-installations:17.0.1] AndroidManifest.xml:18:13-20:85
175                android:name="com.google.firebase.components:com.google.firebase.installations.FirebaseInstallationsRegistrar"
175-->[com.google.firebase:firebase-installations:17.0.1] AndroidManifest.xml:19:17-127
176                android:value="com.google.firebase.components.ComponentRegistrar" />
176-->[com.google.firebase:firebase-installations:17.0.1] AndroidManifest.xml:20:17-82
177            <meta-data
177-->[com.google.firebase:firebase-datatransport:18.1.5] AndroidManifest.xml:28:13-30:85
178                android:name="com.google.firebase.components:com.google.firebase.datatransport.TransportRegistrar"
178-->[com.google.firebase:firebase-datatransport:18.1.5] AndroidManifest.xml:29:17-115
179                android:value="com.google.firebase.components.ComponentRegistrar" />
179-->[com.google.firebase:firebase-datatransport:18.1.5] AndroidManifest.xml:30:17-82
180        </service>
181
182        <receiver
182-->[com.google.firebase:firebase-messaging:23.0.6] AndroidManifest.xml:32:9-39:20
183            android:name="com.google.firebase.iid.FirebaseInstanceIdReceiver"
183-->[com.google.firebase:firebase-messaging:23.0.6] AndroidManifest.xml:33:13-78
184            android:exported="true"
184-->[com.google.firebase:firebase-messaging:23.0.6] AndroidManifest.xml:34:13-36
185            android:permission="com.google.android.c2dm.permission.SEND" >
185-->[com.google.firebase:firebase-messaging:23.0.6] AndroidManifest.xml:35:13-73
186            <intent-filter>
186-->[com.google.firebase:firebase-messaging:23.0.6] AndroidManifest.xml:36:13-38:29
187                <action android:name="com.google.android.c2dm.intent.RECEIVE" />
187-->[com.google.firebase:firebase-messaging:23.0.6] AndroidManifest.xml:37:17-81
187-->[com.google.firebase:firebase-messaging:23.0.6] AndroidManifest.xml:37:25-78
188            </intent-filter>
189        </receiver>
190        <!--
191             FirebaseMessagingService performs security checks at runtime,
192             but set to not exported to explicitly avoid allowing another app to call it.
193        -->
194        <service
194-->[com.google.firebase:firebase-messaging:23.0.6] AndroidManifest.xml:45:9-52:19
195            android:name="com.google.firebase.messaging.FirebaseMessagingService"
195-->[com.google.firebase:firebase-messaging:23.0.6] AndroidManifest.xml:46:13-82
196            android:directBootAware="true"
196-->[com.google.firebase:firebase-messaging:23.0.6] AndroidManifest.xml:47:13-43
197            android:exported="false" >
197-->[com.google.firebase:firebase-messaging:23.0.6] AndroidManifest.xml:48:13-37
198            <intent-filter android:priority="-500" >
198-->src/main/AndroidManifest.xml:102:13-104:29
199                <action android:name="com.google.firebase.MESSAGING_EVENT" />
199-->src/main/AndroidManifest.xml:103:17-78
199-->src/main/AndroidManifest.xml:103:25-75
200            </intent-filter>
201        </service>
202
203        <activity
203-->[com.google.firebase:firebase-auth:21.0.2] AndroidManifest.xml:27:9-44:20
204            android:name="com.google.firebase.auth.internal.GenericIdpActivity"
204-->[com.google.firebase:firebase-auth:21.0.2] AndroidManifest.xml:28:13-80
205            android:excludeFromRecents="true"
205-->[com.google.firebase:firebase-auth:21.0.2] AndroidManifest.xml:29:13-46
206            android:exported="true"
206-->[com.google.firebase:firebase-auth:21.0.2] AndroidManifest.xml:30:13-36
207            android:launchMode="singleTask"
207-->[com.google.firebase:firebase-auth:21.0.2] AndroidManifest.xml:31:13-44
208            android:theme="@android:style/Theme.Translucent.NoTitleBar" >
208-->[com.google.firebase:firebase-auth:21.0.2] AndroidManifest.xml:32:13-72
209            <intent-filter>
209-->[com.google.firebase:firebase-auth:21.0.2] AndroidManifest.xml:33:13-43:29
210                <action android:name="android.intent.action.VIEW" />
210-->[com.google.firebase:firebase-auth:21.0.2] AndroidManifest.xml:34:17-69
210-->[com.google.firebase:firebase-auth:21.0.2] AndroidManifest.xml:34:25-66
211
212                <category android:name="android.intent.category.DEFAULT" />
212-->[com.google.firebase:firebase-auth:21.0.2] AndroidManifest.xml:36:17-76
212-->[com.google.firebase:firebase-auth:21.0.2] AndroidManifest.xml:36:27-73
213                <category android:name="android.intent.category.BROWSABLE" />
213-->[com.google.firebase:firebase-auth:21.0.2] AndroidManifest.xml:37:17-78
213-->[com.google.firebase:firebase-auth:21.0.2] AndroidManifest.xml:37:27-75
214
215                <data
215-->[com.google.firebase:firebase-auth:21.0.2] AndroidManifest.xml:39:17-42:51
216                    android:host="firebase.auth"
216-->[com.google.firebase:firebase-auth:21.0.2] AndroidManifest.xml:40:21-49
217                    android:path="/"
217-->[com.google.firebase:firebase-auth:21.0.2] AndroidManifest.xml:41:21-37
218                    android:scheme="genericidp" />
218-->[com.google.firebase:firebase-auth:21.0.2] AndroidManifest.xml:42:21-48
219            </intent-filter>
220        </activity>
221        <activity
221-->[com.google.firebase:firebase-auth:21.0.2] AndroidManifest.xml:45:9-62:20
222            android:name="com.google.firebase.auth.internal.RecaptchaActivity"
222-->[com.google.firebase:firebase-auth:21.0.2] AndroidManifest.xml:46:13-79
223            android:excludeFromRecents="true"
223-->[com.google.firebase:firebase-auth:21.0.2] AndroidManifest.xml:47:13-46
224            android:exported="true"
224-->[com.google.firebase:firebase-auth:21.0.2] AndroidManifest.xml:48:13-36
225            android:launchMode="singleTask"
225-->[com.google.firebase:firebase-auth:21.0.2] AndroidManifest.xml:49:13-44
226            android:theme="@android:style/Theme.Translucent.NoTitleBar" >
226-->[com.google.firebase:firebase-auth:21.0.2] AndroidManifest.xml:50:13-72
227            <intent-filter>
227-->[com.google.firebase:firebase-auth:21.0.2] AndroidManifest.xml:51:13-61:29
228                <action android:name="android.intent.action.VIEW" />
228-->[com.google.firebase:firebase-auth:21.0.2] AndroidManifest.xml:34:17-69
228-->[com.google.firebase:firebase-auth:21.0.2] AndroidManifest.xml:34:25-66
229
230                <category android:name="android.intent.category.DEFAULT" />
230-->[com.google.firebase:firebase-auth:21.0.2] AndroidManifest.xml:36:17-76
230-->[com.google.firebase:firebase-auth:21.0.2] AndroidManifest.xml:36:27-73
231                <category android:name="android.intent.category.BROWSABLE" />
231-->[com.google.firebase:firebase-auth:21.0.2] AndroidManifest.xml:37:17-78
231-->[com.google.firebase:firebase-auth:21.0.2] AndroidManifest.xml:37:27-75
232
233                <data
233-->[com.google.firebase:firebase-auth:21.0.2] AndroidManifest.xml:39:17-42:51
234                    android:host="firebase.auth"
234-->[com.google.firebase:firebase-auth:21.0.2] AndroidManifest.xml:40:21-49
235                    android:path="/"
235-->[com.google.firebase:firebase-auth:21.0.2] AndroidManifest.xml:41:21-37
236                    android:scheme="recaptcha" />
236-->[com.google.firebase:firebase-auth:21.0.2] AndroidManifest.xml:42:21-48
237            </intent-filter>
238        </activity>
239        <activity
239-->[com.google.android.gms:play-services-auth:20.1.0] AndroidManifest.xml:23:9-27:75
240            android:name="com.google.android.gms.auth.api.signin.internal.SignInHubActivity"
240-->[com.google.android.gms:play-services-auth:20.1.0] AndroidManifest.xml:24:13-93
241            android:excludeFromRecents="true"
241-->[com.google.android.gms:play-services-auth:20.1.0] AndroidManifest.xml:25:13-46
242            android:exported="false"
242-->[com.google.android.gms:play-services-auth:20.1.0] AndroidManifest.xml:26:13-37
243            android:theme="@android:style/Theme.Translucent.NoTitleBar" />
243-->[com.google.android.gms:play-services-auth:20.1.0] AndroidManifest.xml:27:13-72
244        <!--
245            Service handling Google Sign-In user revocation. For apps that do not integrate with
246            Google Sign-In, this service will never be started.
247        -->
248        <service
248-->[com.google.android.gms:play-services-auth:20.1.0] AndroidManifest.xml:33:9-37:51
249            android:name="com.google.android.gms.auth.api.signin.RevocationBoundService"
249-->[com.google.android.gms:play-services-auth:20.1.0] AndroidManifest.xml:34:13-89
250            android:exported="true"
250-->[com.google.android.gms:play-services-auth:20.1.0] AndroidManifest.xml:35:13-36
251            android:permission="com.google.android.gms.auth.api.signin.permission.REVOCATION_NOTIFICATION"
251-->[com.google.android.gms:play-services-auth:20.1.0] AndroidManifest.xml:36:13-107
252            android:visibleToInstantApps="true" /> <!-- The activities will be merged into the manifest of the hosting app. -->
252-->[com.google.android.gms:play-services-auth:20.1.0] AndroidManifest.xml:37:13-48
253        <activity
253-->[com.google.android.play:core:1.8.0] AndroidManifest.xml:12:5-271
254            android:name="com.google.android.play.core.missingsplits.PlayCoreMissingSplitsActivity"
254-->[com.google.android.play:core:1.8.0] AndroidManifest.xml:12:15-102
255            android:enabled="false"
255-->[com.google.android.play:core:1.8.0] AndroidManifest.xml:12:103-126
256            android:exported="false"
256-->[com.google.android.play:core:1.8.0] AndroidManifest.xml:12:127-151
257            android:launchMode="singleInstance"
257-->[com.google.android.play:core:1.8.0] AndroidManifest.xml:12:204-239
258            android:process=":playcore_missing_splits_activity"
258-->[com.google.android.play:core:1.8.0] AndroidManifest.xml:12:152-203
259            android:stateNotNeeded="true" />
259-->[com.google.android.play:core:1.8.0] AndroidManifest.xml:12:240-269
260        <activity
260-->[com.google.android.play:core:1.8.0] AndroidManifest.xml:13:5-226
261            android:name="com.google.android.play.core.common.PlayCoreDialogWrapperActivity"
261-->[com.google.android.play:core:1.8.0] AndroidManifest.xml:13:15-95
262            android:enabled="false"
262-->[com.google.android.play:core:1.8.0] AndroidManifest.xml:13:96-119
263            android:exported="false"
263-->[com.google.android.play:core:1.8.0] AndroidManifest.xml:13:120-144
264            android:stateNotNeeded="true"
264-->[com.google.android.play:core:1.8.0] AndroidManifest.xml:13:145-174
265            android:theme="@style/Theme.PlayCore.Transparent" /> <!-- The service will be merged into the manifest of the hosting app. -->
265-->[com.google.android.play:core:1.8.0] AndroidManifest.xml:13:175-224
266        <service
266-->[com.google.android.play:core:1.8.0] AndroidManifest.xml:16:5-145
267            android:name="com.google.android.play.core.assetpacks.AssetPackExtractionService"
267-->[com.google.android.play:core:1.8.0] AndroidManifest.xml:16:14-95
268            android:enabled="false"
268-->[com.google.android.play:core:1.8.0] AndroidManifest.xml:16:96-119
269            android:exported="true" />
269-->[com.google.android.play:core:1.8.0] AndroidManifest.xml:16:120-143
270
271        <provider
271-->[com.squareup.picasso:picasso:2.8] AndroidManifest.xml:8:9-11:40
272            android:name="com.squareup.picasso.PicassoProvider"
272-->[com.squareup.picasso:picasso:2.8] AndroidManifest.xml:9:13-64
273            android:authorities="com.sangharshbooks.test.com.squareup.picasso"
273-->[com.squareup.picasso:picasso:2.8] AndroidManifest.xml:10:13-72
274            android:exported="false" />
274-->[com.squareup.picasso:picasso:2.8] AndroidManifest.xml:11:13-37
275
276        <meta-data
276-->[com.android.billingclient:billing:5.1.0] AndroidManifest.xml:23:9-25:37
277            android:name="com.google.android.play.billingclient.version"
277-->[com.android.billingclient:billing:5.1.0] AndroidManifest.xml:24:13-73
278            android:value="5.1.0" />
278-->[com.android.billingclient:billing:5.1.0] AndroidManifest.xml:25:13-34
279
280        <activity
280-->[com.android.billingclient:billing:5.1.0] AndroidManifest.xml:27:9-31:75
281            android:name="com.android.billingclient.api.ProxyBillingActivity"
281-->[com.android.billingclient:billing:5.1.0] AndroidManifest.xml:28:13-78
282            android:configChanges="keyboard|keyboardHidden|screenLayout|screenSize|orientation"
282-->[com.android.billingclient:billing:5.1.0] AndroidManifest.xml:29:13-96
283            android:exported="false"
283-->[com.android.billingclient:billing:5.1.0] AndroidManifest.xml:30:13-37
284            android:theme="@android:style/Theme.Translucent.NoTitleBar" />
284-->[com.android.billingclient:billing:5.1.0] AndroidManifest.xml:31:13-72
285        <activity
285-->[com.google.android.gms:play-services-base:18.0.1] AndroidManifest.xml:20:9-22:45
286            android:name="com.google.android.gms.common.api.GoogleApiActivity"
286-->[com.google.android.gms:play-services-base:18.0.1] AndroidManifest.xml:20:19-85
287            android:exported="false"
287-->[com.google.android.gms:play-services-base:18.0.1] AndroidManifest.xml:22:19-43
288            android:theme="@android:style/Theme.Translucent.NoTitleBar" />
288-->[com.google.android.gms:play-services-base:18.0.1] AndroidManifest.xml:21:19-78
289
290        <provider
290-->[com.google.firebase:firebase-common:20.2.0] AndroidManifest.xml:25:9-30:39
291            android:name="com.google.firebase.provider.FirebaseInitProvider"
291-->[com.google.firebase:firebase-common:20.2.0] AndroidManifest.xml:26:13-77
292            android:authorities="com.sangharshbooks.test.firebaseinitprovider"
292-->[com.google.firebase:firebase-common:20.2.0] AndroidManifest.xml:27:13-72